#
# A fatal error has been detected by the Java Runtime Environment:
#
#  EXCEPTION_STACK_OVERFLOW (0xc00000fd) at pc=0x0000000075313b57, pid=46808, tid=0x0000000000008970
#
# JRE version: Java(TM) SE Runtime Environment (8.0_121-b13) (build 1.8.0_121-b13)
# Java VM: Java HotSpot(TM) 64-Bit Server VM (25.121-b13 mixed mode windows-amd64 compressed oops)
# Problematic frame:
# V  [jvm.dll+0x213b57]
#
# Failed to write core dump. Minidumps are not enabled by default on client versions of Windows
#
# If you would like to submit a bug report, please visit:
#   
#


 daemon]

siginfo: ExceptionCode=0xc00000fd, ExceptionInformation=0x0000000000000001 0x000000001e1cbf40 

Registers:
RAX=0x000000001e1cbf40, RBX=0x0000000000000004, RCX=0x0000000000003000, RDX=0x0000000000000006
RSP=0x000000001e1cef40, RBP=0x0000000000000000, RSI=0x000000001e1cef40, RDI=0x0000000000000004
R8 =0x0000000000000006, R9 =0x000000001c3de0c0, R10=0x000000001de73970, R11=0x000000001e0da188
R12=0x000000001c3de0c0, R13=0x0000000019f46000, R14=0x000000001e1cf008, R15=0x000000001de73970
RIP=0x0000000075313b57, EFLAGS=0x0000000000010202

Top of Stack: (sp=0x000000001e1cef40)
0x000000001e1cef40:   00003866384be074 0000000075074e7e
0x000000001e1cef50:   0000000019f46000 000000001c3de0c0
0x000000001e1cef60:   00000000ffffffff 0000000075314a87
0x000000001e1cef70:   000000001e1cf070 000000001de73970
0x000000001e1cef80:   0000000019f46000 00000000751c0923
0x000000001e1cef90:   000000001e1cefd0 0000000019f46000
0x000000001e1cefa0:   000000001e1cf060 0000000019f46000
0x000000001e1cefb0:   000000001de73970 0000000019f46000
0x000000001e1cefc0:   0000000003212f40 0000000019f46000
0x000000001e1cefd0:   000000001de73970 0000000019f46000
0x000000001e1cefe0:   00000000174db8e0 0000000019f46000
0x000000001e1ceff0:   0000000000000001 000000001de73970
0x000000001e1cf000:   0000000019f46000 000000001bc03ea0
0x000000001e1cf010:   0000000019f46000 00000000751c1e0d
0x000000001e1cf020:   000000001e1cf328 00000001000069a0
0x000000001e1cf030:   00000001005b5d10 00000000750899e5 

Instructions: (pc=0x0000000075313b57)
0x0000000075313b37:   48 89 6c 24 30 33 ed 66 90 e8 2b 3b 08 00 ff c3
0x0000000075313b47:   48 63 c8 48 8b c6 48 0f af cf 48 ff c7 48 2b c1
0x0000000075313b57:   89 28 48 63 c3 48 3b 05 75 1b 59 00 7e db 48 8b
0x0000000075313b67:   6c 24 30 48 8b 5c 24 38 48 8b 74 24 40 48 83 c4 


Register to memory mapping:

RAX=0x000000001e1cbf40 is pointing into the stack for thread: 0x0000000019f46000
RBX=0x0000000000000004 is an unknown value
RCX=0x0000000000003000 is an unknown value
RDX=0x0000000000000006 is an unknown value
RSP=0x000000001e1cef40 is pointing into the stack for thread: 0x0000000019f46000
RBP=0x0000000000000000 is an unknown value
RSI=0x000000001e1cef40 is pointing into the stack for thread: 0x0000000019f46000
RDI=0x0000000000000004 is an unknown value
R8 =0x0000000000000006 is an unknown value
R9 =0x000000001c3de0c0 is an unknown value
R10={method} {0x000000001de73978} 'run' '()V' in 'org/apache/tomcat/util/net/NioBlockingSelector$BlockPoller'
R11=0x000000001e0da188 is pointing into the stack for thread: 0x0000000019f46000
R12=0x000000001c3de0c0 is an unknown value
R13=0x0000000019f46000 is a thread
R14=0x000000001e1cf008 is pointing into the stack for thread: 0x0000000019f46000
R15={method} {0x000000001de73978} 'run' '()V' in 'org/apache/tomcat/util/net/NioBlockingSelector$BlockPoller'


Stack: [0x000000001e0d0000,0x000000001e1d0000],  sp=0x000000001e1cef40,  free space=1019k
Native frames: (J=compiled Java code, j=interpreted, Vv=VM code, C=native code)


---------------  P R O C E S S  ---------------

Java Threads: ( => current thread )
=>0x0000000019f46000 JavaThread "NioBlockingSelector.BlockPoller-1" daemon [_thread_in_vm, id=35184, stack(0x000000001e0d0000,0x000000001e1d0000)]
  0x0000000019f4d000 JavaThread "spring.cloud.inetutils" daemon [_thread_blocked, id=648, stack(0x000000001dfd0000,0x000000001e0d0000)]
  0x000000001c362800 JavaThread "CleanCursors-1-thread-1" daemon [_thread_blocked, id=48376, stack(0x000000001d7d0000,0x000000001d8d0000)]
  0x000000001c305000 JavaThread "cluster-ClusterId{value='5c69477e6e761fb6d858aa32', description='null'}-localhost:27017" daemon [_thread_blocked, id=41368, stack(0x000000001d6d0000,0x000000001d7d0000)]
  0x000000001c213800 JavaThread "container-0" [_thread_blocked, id=25712, stack(0x000000001d3d0000,0x000000001d4d0000)]
  0x000000001c213000 JavaThread "Catalina-utility-1" [_thread_blocked, id=7436, stack(0x000000001d2d0000,0x000000001d3d0000)]
  0x0000000019edd000 JavaThread "JMX server connection timeout 17" daemon [_thread_blocked, id=50132, stack(0x000000001ad00000,0x000000001ae00000)]
  0x0000000019ed5000 JavaThread "RMI TCP Connection(2)-127.0.0.1" daemon [_thread_in_native, id=12992, stack(0x000000001ac00000,0x000000001ad00000)]
  0x0000000019ece800 JavaThread "RMI Scheduler(0)" daemon [_thread_blocked, id=49500, stack(0x000000001ab00000,0x000000001ac00000)]
  0x0000000019eaa800 JavaThread "RMI TCP Connection(1)-127.0.0.1" daemon [_thread_in_native, id=19692, stack(0x000000001aa00000,0x000000001ab00000)]
  0x0000000019e1b800 JavaThread "RMI TCP Accept-0" daemon [_thread_in_native, id=27584, stack(0x000000001a6c0000,0x000000001a7c0000)]
  0x0000000019e14800 JavaThread "RMI TCP Accept-49754" daemon [_thread_in_native, id=52020, stack(0x000000001a5c0000,0x000000001a6c0000)]
  0x0000000019dfd000 JavaThread "RMI TCP Accept-0" daemon [_thread_in_native, id=29008, stack(0x000000001a4c0000,0x000000001a5c0000)]
  0x0000000017ead000 JavaThread "Service Thread" daemon [_thread_blocked, id=41232, stack(0x0000000019bc0000,0x0000000019cc0000)]
  0x0000000017e7f000 JavaThread "C1 CompilerThread2" daemon [_thread_blocked, id=25280, stack(0x00000000196c0000,0x00000000197c0000)]
  0x0000000017e5a000 JavaThread "C2 CompilerThread1" daemon [_thread_blocked, id=56236, stack(0x00000000195c0000,0x00000000196c0000)]
  0x0000000017e54800 JavaThread "C2 CompilerThread0" daemon [_thread_blocked, id=53588, stack(0x00000000194c0000,0x00000000195c0000)]
  0x0000000017e53800 JavaThread "Attach Listener" daemon [_thread_blocked, id=52668, stack(0x00000000193c0000,0x00000000194c0000)]
  0x0000000017e52000 JavaThread "Signal Dispatcher" daemon [_thread_blocked, id=21992, stack(0x00000000192c0000,0x00000000193c0000)]
  0x0000000017e40000 JavaThread "Finalizer" daemon [_thread_blocked, id=40624, stack(0x00000000190c0000,0x00000000191c0000)]
  0x00000000031e5800 JavaThread "Reference Handler" daemon [_thread_blocked, id=48448, stack(0x0000000018fc0000,0x00000000190c0000)]
  0x00000000030f4000 JavaThread "main" [_thread_blocked, id=22844, stack(0x0000000002fd0000,0x00000000030d0000)]

Other Threads:
  0x0000000017e17000 VMThread [stack: 0x0000000018ec0000,0x0000000018fc0000] [id=15436]
  0x0000000019e1d000 WatcherThread [stack: 0x000000001a7c0000,0x000000001a8c0000] [id=1384]

VM state:synchronizing (normal execution)

VM Mutex/Monitor currently owned by a thread:  ([mutex/lock_event])
[0x00000000030f0cd0] Threads_lock - owner thread: 0x0000000017e17000
[0x00000000030f08d0] Heap_lock - owner thread: 0x00000000030f4000

Heap:
 PSYoungGen      total 76800K, used 16807K [0x00000000d5580000, 0x00000000dbc00000, 0x0000000100000000)
  eden space 66048K, 13% used [0x00000000d5580000,0x00000000d5e1abe0,0x00000000d9600000)
  from space 10752K, 74% used [0x00000000db180000,0x00000000db94f098,0x00000000dbc00000)
  to   space 5120K, 0% used [0x00000000d9600000,0x00000000d9600000,0x00000000d9b00000)
 ParOldGen       total 58368K, used 18219K [0x0000000080000000, 0x0000000083900000, 0x00000000d5580000)
  object space 58368K, 31% used [0x0000000080000000,0x00000000811cad98,0x0000000083900000)
 Metaspace       used 39377K, capacity 41750K, committed 41856K, reserved 1087488K
  class space    used 5479K, capacity 5913K, committed 6016K, reserved 1048576K

Card table byte_map: [0x00000000125c0000,0x00000000129d0000] byte_map_base: 0x00000000121c0000

Marking Bits: (ParMarkBitMap*) 0x000000007591b6d0
 Begin Bits: [0x0000000013080000, 0x0000000015080000)
 End Bits:   [0x0000000015080000, 0x0000000017080000)

Polling page: 0x0000000002fb0000

CodeCache: size=245760Kb used=8005Kb max_used=8005Kb free=237754Kb
 bounds [0x0000000003200000, 0x00000000039e0000, 0x0000000012200000]
 total_blobs=4357 nmethods=3907 adapters=363
 compilation: enabled

Compilation events (10 events):
Event: 7.290 Thread 0x0000000017e7f000 3903       1       org.springframework.boot.autoconfigure.condition.ConditionEvaluationReport$ConditionAndOutcome::getOutcome (5 bytes)
Event: 7.290 Thread 0x0000000017e7f000 nmethod 3903 0x00000000039cf9d0 code [0x00000000039cfb20, 0x00000000039cfc30]
Event: 7.291 Thread 0x0000000017e7f000 3904       1       java.util.TreeMap::forEach (58 bytes)
Event: 7.292 Thread 0x0000000017e7f000 nmethod 3904 0x00000000039cfc90 code [0x00000000039cfe20, 0x00000000039d00f8]
Event: 7.293 Thread 0x0000000017e7f000 3905       1       org.springframework.core.ResolvableType::isAssignableFrom (7 bytes)
Event: 7.293 Thread 0x0000000017e7f000 nmethod 3905 0x00000000039d0350 code [0x00000000039d04a0, 0x00000000039d05c8]
Event: 7.293 Thread 0x0000000017e7f000 3906       1       java.util.IdentityHashMap::init (11 bytes)
Event: 7.293 Thread 0x0000000017e7f000 nmethod 3906 0x00000000039d0650 code [0x00000000039d07a0, 0x00000000039d0950]
Event: 7.305 Thread 0x0000000017e7f000 3908       1       java.nio.Buffer::capacity (5 bytes)
Event: 7.305 Thread 0x0000000017e7f000 nmethod 3908 0x00000000039d13d0 code [0x00000000039d1520, 0x00000000039d1630]

GC Heap History (10 events):
Event: 4.532 GC heap before
{Heap before GC invocations=6 (full 1):
 PSYoungGen      total 57856K, used 57450K [0x00000000d5580000, 0x00000000da000000, 0x0000000100000000)
  eden space 53248K, 100% used [0x00000000d5580000,0x00000000d8980000,0x00000000d8980000)
  from space 4608K, 91% used [0x00000000d9b80000,0x00000000d9f9aa10,0x00000000da000000)
  to   space 5120K, 0% used [0x00000000d9600000,0x00000000d9600000,0x00000000d9b00000)
 ParOldGen       total 58368K, used 8341K [0x0000000080000000, 0x0000000083900000, 0x00000000d5580000)
  object space 58368K, 14% used [0x0000000080000000,0x0000000080825490,0x0000000083900000)
 Metaspace       used 26402K, capacity 27566K, committed 27776K, reserved 1073152K
  class space    used 3667K, capacity 3952K, committed 3968K, reserved 1048576K
Event: 4.544 GC heap after
Heap after GC invocations=6 (full 1):
 PSYoungGen      total 71168K, used 5108K [0x00000000d5580000, 0x00000000dbc00000, 0x0000000100000000)
  eden space 66048K, 0% used [0x00000000d5580000,0x00000000d5580000,0x00000000d9600000)
  from space 5120K, 99% used [0x00000000d9600000,0x00000000d9afd1e8,0x00000000d9b00000)
  to   space 10752K, 0% used [0x00000000db180000,0x00000000db180000,0x00000000dbc00000)
 ParOldGen       total 58368K, used 11326K [0x0000000080000000, 0x0000000083900000, 0x00000000d5580000)
  object space 58368K, 19% used [0x0000000080000000,0x0000000080b0fa80,0x0000000083900000)
 Metaspace       used 26402K, capacity 27566K, committed 27776K, reserved 1073152K
  class space    used 3667K, capacity 3952K, committed 3968K, reserved 1048576K
}
Event: 5.639 GC heap before
{Heap before GC invocations=7 (full 1):
 PSYoungGen      total 71168K, used 71156K [0x00000000d5580000, 0x00000000dbc00000, 0x0000000100000000)
  eden space 66048K, 100% used [0x00000000d5580000,0x00000000d9600000,0x00000000d9600000)
  from space 5120K, 99% used [0x00000000d9600000,0x00000000d9afd1e8,0x00000000d9b00000)
  to   space 10752K, 0% used [0x00000000db180000,0x00000000db180000,0x00000000dbc00000)
 ParOldGen       total 58368K, used 11326K [0x0000000080000000, 0x0000000083900000, 0x00000000d5580000)
  object space 58368K, 19% used [0x0000000080000000,0x0000000080b0fa80,0x0000000083900000)
 Metaspace       used 32443K, capacity 34054K, committed 34304K, reserved 1079296K
  class space    used 4432K, capacity 4744K, committed 4864K, reserved 1048576K
Event: 5.664 GC heap after
Heap after GC invocations=7 (full 1):
 PSYoungGen      total 76800K, used 10723K [0x00000000d5580000, 0x00000000dbc00000, 0x0000000100000000)
  eden space 66048K, 0% used [0x00000000d5580000,0x00000000d5580000,0x00000000d9600000)
  from space 10752K, 99% used [0x00000000db180000,0x00000000dbbf8d40,0x00000000dbc00000)
  to   space 5120K, 0% used [0x00000000d9600000,0x00000000d9600000,0x00000000d9b00000)
 ParOldGen       total 58368K, used 15564K [0x0000000080000000, 0x0000000083900000, 0x00000000d5580000)
  object space 58368K, 26% used [0x0000000080000000,0x0000000080f330b0,0x0000000083900000)
 Metaspace       used 32443K, capacity 34054K, committed 34304K, reserved 1079296K
  class space    used 4432K, capacity 4744K, committed 4864K, reserved 1048576K
}
Event: 5.977 GC heap before
{Heap before GC invocations=8 (full 1):
 PSYoungGen      total 76800K, used 23406K [0x00000000d5580000, 0x00000000dbc00000, 0x0000000100000000)
  eden space 66048K, 19% used [0x00000000d5580000,0x00000000d61e2c38,0x00000000d9600000)
  from space 10752K, 99% used [0x00000000db180000,0x00000000dbbf8d40,0x00000000dbc00000)
  to   space 5120K, 0% used [0x00000000d9600000,0x00000000d9600000,0x00000000d9b00000)
 ParOldGen       total 58368K, used 15564K [0x0000000080000000, 0x0000000083900000, 0x00000000d5580000)
  object space 58368K, 26% used [0x0000000080000000,0x0000000080f330b0,0x0000000083900000)
 Metaspace       used 33779K, capacity 35312K, committed 35456K, reserved 1079296K
  class space    used 4619K, capacity 4943K, committed 4992K, reserved 1048576K
Event: 5.999 GC heap after
Heap after GC invocations=8 (full 1):
 PSYoungGen      total 71168K, used 5104K [0x00000000d5580000, 0x00000000dbc00000, 0x0000000100000000)
  eden space 66048K, 0% used [0x00000000d5580000,0x00000000d5580000,0x00000000d9600000)
  from space 5120K, 99% used [0x00000000d9600000,0x00000000d9afc020,0x00000000d9b00000)
  to   space 10752K, 0% used [0x00000000db180000,0x00000000db180000,0x00000000dbc00000)
 ParOldGen       total 58368K, used 23099K [0x0000000080000000, 0x0000000083900000, 0x00000000d5580000)
  object space 58368K, 39% used [0x0000000080000000,0x000000008168ec18,0x0000000083900000)
 Metaspace       used 33779K, capacity 35312K, committed 35456K, reserved 1079296K
  class space    used 4619K, capacity 4943K, committed 4992K, reserved 1048576K
}
Event: 5.999 GC heap before
{Heap before GC invocations=9 (full 2):
 PSYoungGen      total 71168K, used 5104K [0x00000000d5580000, 0x00000000dbc00000, 0x0000000100000000)
  eden space 66048K, 0% used [0x00000000d5580000,0x00000000d5580000,0x00000000d9600000)
  from space 5120K, 99% used [0x00000000d9600000,0x00000000d9afc020,0x00000000d9b00000)
  to   space 10752K, 0% used [0x00000000db180000,0x00000000db180000,0x00000000dbc00000)
 ParOldGen       total 58368K, used 23099K [0x0000000080000000, 0x0000000083900000, 0x00000000d5580000)
  object space 58368K, 39% used [0x0000000080000000,0x000000008168ec18,0x0000000083900000)
 Metaspace       used 33779K, capacity 35312K, committed 35456K, reserved 1079296K
  class space    used 4619K, capacity 4943K, committed 4992K, reserved 1048576K
Event: 6.088 GC heap after
Heap after GC invocations=9 (full 2):
 PSYoungGen      total 71168K, used 0K [0x00000000d5580000, 0x00000000dbc00000, 0x0000000100000000)
  eden space 66048K, 0% used [0x00000000d5580000,0x00000000d5580000,0x00000000d9600000)
  from space 5120K, 0% used [0x00000000d9600000,0x00000000d9600000,0x00000000d9b00000)
  to   space 10752K, 0% used [0x00000000db180000,0x00000000db180000,0x00000000dbc00000)
 ParOldGen       total 58368K, used 18211K [0x0000000080000000, 0x0000000083900000, 0x00000000d5580000)
  object space 58368K, 31% used [0x0000000080000000,0x00000000811c8d98,0x0000000083900000)
 Metaspace       used 33779K, capacity 35312K, committed 35456K, reserved 1079296K
  class space    used 4619K, capacity 4943K, committed 4992K, reserved 1048576K
}
Event: 7.044 GC heap before
{Heap before GC invocations=10 (full 2):
 PSYoungGen      total 71168K, used 66048K [0x00000000d5580000, 0x00000000dbc00000, 0x0000000100000000)
  eden space 66048K, 100% used [0x00000000d5580000,0x00000000d9600000,0x00000000d9600000)
  from space 5120K, 0% used [0x00000000d9600000,0x00000000d9600000,0x00000000d9b00000)
  to   space 10752K, 0% used [0x00000000db180000,0x00000000db180000,0x00000000dbc00000)
 ParOldGen       total 58368K, used 18211K [0x0000000080000000, 0x0000000083900000, 0x00000000d5580000)
  object space 58368K, 31% used [0x0000000080000000,0x00000000811c8d98,0x0000000083900000)
 Metaspace       used 38822K, capacity 41202K, committed 41472K, reserved 1085440K
  class space    used 5399K, capacity 5805K, committed 5888K, reserved 1048576K
Event: 7.060 GC heap after
Heap after GC invocations=10 (full 2):
 PSYoungGen      total 76800K, used 7996K [0x00000000d5580000, 0x00000000dbc00000, 0x0000000100000000)
  eden space 66048K, 0% used [0x00000000d5580000,0x00000000d5580000,0x00000000d9600000)
  from space 10752K, 74% used [0x00000000db180000,0x00000000db94f098,0x00000000dbc00000)
  to   space 5120K, 0% used [0x00000000d9600000,0x00000000d9600000,0x00000000d9b00000)
 ParOldGen       total 58368K, used 18219K [0x0000000080000000, 0x0000000083900000, 0x00000000d5580000)
  object space 58368K, 31% used [0x0000000080000000,0x00000000811cad98,0x0000000083900000)
 Metaspace       used 38822K, capacity 41202K, committed 41472K, reserved 1085440K
  class space    used 5399K, capacity 5805K, committed 5888K, reserved 1048576K
}

Deoptimization events (0 events):
No events

Internal exceptions (10 events):
Event: 7.277 Thread 0x00000000030f4000 Exception <a 'java/lang/ClassNotFoundException': org/springframework/context/ApplicationContextAwareCustomizer> (0x00000000d5c9d9b8) thrown at [C:\re\workspace\8-2-build-windows-amd64-cygwin\jdk8u121\8372\hotspot\src\share\vm\classfile\systemDictionary.cp
Event: 7.277 Thread 0x00000000030f4000 Exception <a 'java/lang/ClassNotFoundException': org/springframework/beans/factory/AwareCustomizer> (0x00000000d5cac6d0) thrown at [C:\re\workspace\8-2-build-windows-amd64-cygwin\jdk8u121\8372\hotspot\src\share\vm\classfile\systemDictionary.cpp, line 210]
Event: 7.277 Thread 0x00000000030f4000 Exception <a 'java/lang/ClassNotFoundException': org/springframework/context/ApplicationListenerCustomizer> (0x00000000d5cbb400) thrown at [C:\re\workspace\8-2-build-windows-amd64-cygwin\jdk8u121\8372\hotspot\src\share\vm\classfile\systemDictionary.cpp, l
Event: 7.277 Thread 0x00000000030f4000 Exception <a 'java/lang/ArrayIndexOutOfBoundsException'> (0x00000000d5cbbd58) thrown at [C:\re\workspace\8-2-build-windows-amd64-cygwin\jdk8u121\8372\hotspot\src\share\vm\runtime\sharedRuntime.cpp, line 605]
Event: 7.278 Thread 0x00000000030f4000 Exception <a 'java/lang/ClassNotFoundException': java/util/EventListenerCustomizer> (0x00000000d5cc21e8) thrown at [C:\re\workspace\8-2-build-windows-amd64-cygwin\jdk8u121\8372\hotspot\src\share\vm\classfile\systemDictionary.cpp, line 210]
Event: 7.279 Thread 0x00000000030f4000 Exception <a 'java/lang/ClassNotFoundException': java/lang/ObjectCustomizer> (0x00000000d5cd00a0) thrown at [C:\re\workspace\8-2-build-windows-amd64-cygwin\jdk8u121\8372\hotspot\src\share\vm\classfile\systemDictionary.cpp, line 210]
Event: 7.279 Thread 0x00000000030f4000 Exception <a 'java/lang/ClassNotFoundException': org/springframework/jmx/export/metadata/AbstractJmxAttributeCustomizer> (0x00000000d5ce4ae0) thrown at [C:\re\workspace\8-2-build-windows-amd64-cygwin\jdk8u121\8372\hotspot\src\share\vm\classfile\systemDict
Event: 7.279 Thread 0x00000000030f4000 Exception <a 'java/lang/ClassNotFoundException': org/springframework/jmx/export/metadata/ManagedAttributeCustomizer> (0x00000000d5cfa8c0) thrown at [C:\re\workspace\8-2-build-windows-amd64-cygwin\jdk8u121\8372\hotspot\src\share\vm\classfile\systemDictiona
Event: 7.286 Thread 0x00000000030f4000 Exception <a 'java/lang/ArrayIndexOutOfBoundsException'> (0x00000000d5d400e8) thrown at [C:\re\workspace\8-2-build-windows-amd64-cygwin\jdk8u121\8372\hotspot\src\share\vm\runtime\sharedRuntime.cpp, line 605]
Event: 7.287 Thread 0x00000000030f4000 Exception <a 'java/lang/ArrayIndexOutOfBoundsException'> (0x00000000d5d49c88) thrown at [C:\re\workspace\8-2-build-windows-amd64-cygwin\jdk8u121\8372\hotspot\src\share\vm\runtime\sharedRuntime.cpp, line 605]

Events (10 events):
Event: 7.310 loading class org/apache/tomcat/util/net/NioBlockingSelector$BlockPoller
Event: 7.310 loading class org/apache/tomcat/util/net/NioBlockingSelector$BlockPoller done
Event: 7.311 loading class org/apache/tomcat/util/collections/SynchronizedQueue
Event: 7.311 loading class org/apache/tomcat/util/collections/SynchronizedQueue done
Event: 7.312 Thread 0x0000000019f46000 Thread added: 0x0000000019f46000
Event: 7.312 loading class org/apache/tomcat/util/threads/TaskQueue
Event: 7.312 loading class org/apache/tomcat/util/threads/TaskQueue done
Event: 7.313 loading class org/apache/tomcat/util/threads/ThreadPoolExecutor
Event: 7.313 loading class org/apache/tomcat/util/threads/ThreadPoolExecutor done
Event: 7.313 Executing VM operation: CollectForMetadataAllocation


Dynamic libraries:
0x00007ff76a7a0000 - 0x00007ff76a7d7000 	C:\Program Files\Java\jre1.8.0_121\bin\javaw.exe
0x00007ffd71040000 - 0x00007ffd71221000 	C:\WINDOWS\SYSTEM32\ntdll.dll
0x00007ffd70990000 - 0x00007ffd70a42000 	C:\WINDOWS\System32\KERNEL32.DLL
0x00007ffd6d7d0000 - 0x00007ffd6da43000 	C:\WINDOWS\System32\KERNELBASE.dll
0x00007ffd70800000 - 0x00007ffd708a1000 	C:\WINDOWS\System32\ADVAPI32.dll
0x00007ffd70f00000 - 0x00007ffd70f9e000 	C:\WINDOWS\System32\msvcrt.dll
0x00007ffd70690000 - 0x00007ffd706eb000 	C:\WINDOWS\System32\sechost.dll
0x00007ffd6fba0000 - 0x00007ffd6fcc4000 	C:\WINDOWS\System32\RPCRT4.dll
0x00007ffd70d70000 - 0x00007ffd70f00000 	C:\WINDOWS\System32\USER32.dll
0x00007ffd6da50000 - 0x00007ffd6da70000 	C:\WINDOWS\System32\win32u.dll
0x00007ffd6e4d0000 - 0x00007ffd6e4f8000 	C:\WINDOWS\System32\GDI32.dll
0x00007ffd6d5b0000 - 0x00007ffd6d742000 	C:\WINDOWS\System32\gdi32full.dll
0x00007ffd6d410000 - 0x00007ffd6d4af000 	C:\WINDOWS\System32\msvcp_win.dll
0x00007ffd6dad0000 - 0x00007ffd6dbca000 	C:\WINDOWS\System32\ucrtbase.dll
0x00007ffd6b590000 - 0x00007ffd6b7f9000 	C:\WINDOWS\WinSxS\amd64_microsoft.windows.common-controls_6595b64144ccf1df_6.0.17134.228_none_fb4599993062b194\COMCTL32.dll
0x00007ffd6ff10000 - 0x00007ffd70233000 	C:\WINDOWS\System32\combase.dll
0x00007ffd6d750000 - 0x00007ffd6d7ca000 	C:\WINDOWS\System32\bcryptPrimitives.dll
0x00007ffd6fe30000 - 0x00007ffd6fe5d000 	C:\WINDOWS\System32\IMM32.DLL
0x00007ffd6d1f0000 - 0x00007ffd6d24d000 	C:\Program Files\Citrix\System32\MfApHook64.dll
0x00007ffd6cad0000 - 0x00007ffd6cafb000 	C:\Program Files\Citrix\ICAService\CtxDodHook64.dll
0x00007ffd6d110000 - 0x00007ffd6d142000 	C:\Program Files\Citrix\ICAService\picaFullScreenHookX64.dll
0x00007ffd6cb00000 - 0x00007ffd6cb4e000 	C:\Program Files\Citrix\ICAService\ShellHook64.dll
0x00007ffd6e760000 - 0x00007ffd6fba0000 	C:\WINDOWS\System32\SHELL32.dll
0x00007ffd6d4b0000 - 0x00007ffd6d4f9000 	C:\WINDOWS\System32\cfgmgr32.dll
0x00007ffd6fe60000 - 0x00007ffd6ff09000 	C:\WINDOWS\System32\shcore.dll
0x00007ffd6ddc0000 - 0x00007ffd6e4cd000 	C:\WINDOWS\System32\windows.storage.dll
0x00007ffd708b0000 - 0x00007ffd70901000 	C:\WINDOWS\System32\shlwapi.dll
0x00007ffd6d3f0000 - 0x00007ffd6d401000 	C:\WINDOWS\System32\kernel.appcore.dll
0x00007ffd6d3c0000 - 0x00007ffd6d3df000 	C:\WINDOWS\System32\profapi.dll
0x00007ffd6d370000 - 0x00007ffd6d3bc000 	C:\WINDOWS\System32\powrprof.dll
0x00007ffd6d3e0000 - 0x00007ffd6d3ea000 	C:\WINDOWS\System32\FLTLIB.DLL
0x00007ffd6c950000 - 0x00007ffd6cacc000 	C:\Program Files\Citrix\ICAService\SCardHook64.dll
0x00007ffd6c650000 - 0x00007ffd6c67a000 	C:\Program Files\Citrix\ICAService\cxinjime64.dll
0x00007ffd6c600000 - 0x00007ffd6c648000 	C:\Program Files\Citrix\ICAService\PicaWtsHook64.dll
0x0000000075020000 - 0x00000000750f2000 	C:\Program Files\Java\jre1.8.0_121\bin\msvcr100.dll
0x0000000075100000 - 0x000000007599b000 	C:\Program Files\Java\jre1.8.0_121\bin\server\jvm.dll
0x00007ffd6e680000 - 0x00007ffd6e688000 	C:\WINDOWS\System32\PSAPI.DLL
0x00007ffd5e6b0000 - 0x00007ffd5e6d3000 	C:\WINDOWS\SYSTEM32\WINMM.dll
0x00007ffd6d000000 - 0x00007ffd6d00a000 	C:\WINDOWS\SYSTEM32\VERSION.dll
0x00007ffd5d350000 - 0x00007ffd5d359000 	C:\WINDOWS\SYSTEM32\WSOCK32.dll
0x00007ffd70c00000 - 0x00007ffd70c6c000 	C:\WINDOWS\System32\WS2_32.dll
0x00007ffd5e520000 - 0x00007ffd5e54a000 	C:\WINDOWS\SYSTEM32\WINMMBASE.dll
0x00000000763d0000 - 0x00000000763df000 	C:\Program Files\Java\jre1.8.0_121\bin\verify.dll
0x0000000075f60000 - 0x0000000075f89000 	C:\Program Files\Java\jre1.8.0_121\bin\java.dll
0x0000000075f40000 - 0x0000000075f56000 	C:\Program Files\Java\jre1.8.0_121\bin\zip.dll
0x0000000075c60000 - 0x0000000075c6d000 	C:\Program Files\Java\jre1.8.0_121\bin\management.dll
0x0000000075f20000 - 0x0000000075f3a000 	C:\Program Files\Java\jre1.8.0_121\bin\net.dll
0x00007ffd6c090000 - 0x00007ffd6c0f6000 	C:\WINDOWS\system32\mswsock.dll
0x0000000075f00000 - 0x0000000075f11000 	C:\Program Files\Java\jre1.8.0_121\bin\nio.dll
0x00007ffd63600000 - 0x00007ffd63616000 	C:\WINDOWS\system32\napinsp.dll
0x00007ffd635e0000 - 0x00007ffd635fa000 	C:\WINDOWS\system32\pnrpnsp.dll
0x00007ffd673e0000 - 0x00007ffd673f9000 	C:\WINDOWS\system32\NLAapi.dll
0x00007ffd6be60000 - 0x00007ffd6bf1e000 	C:\WINDOWS\SYSTEM32\DNSAPI.dll
0x00007ffd70fa0000 - 0x00007ffd70fa8000 	C:\WINDOWS\System32\NSI.dll
0x00007ffd6be20000 - 0x00007ffd6be58000 	C:\WINDOWS\SYSTEM32\IPHLPAPI.DLL
0x00007ffd63620000 - 0x00007ffd6362e000 	C:\WINDOWS\System32\winrnr.dll
0x00007ffd65480000 - 0x00007ffd6548a000 	C:\Windows\System32\rasadhlp.dll
0x00007ffd67620000 - 0x00007ffd67692000 	C:\WINDOWS\System32\fwpuclnt.dll
0x00007ffd6cbc0000 - 0x00007ffd6cbe5000 	C:\WINDOWS\SYSTEM32\bcrypt.dll
0x00007ffd6c240000 - 0x00007ffd6c257000 	C:\WINDOWS\SYSTEM32\CRYPTSP.dll
0x00007ffd6bc20000 - 0x00007ffd6bc53000 	C:\WINDOWS\system32\rsaenh.dll
0x00007ffd6d280000 - 0x00007ffd6d2a8000 	C:\WINDOWS\SYSTEM32\USERENV.dll
0x00007ffd6c260000 - 0x00007ffd6c26b000 	C:\WINDOWS\SYSTEM32\CRYPTBASE.dll
0x00007ffd67f80000 - 0x00007ffd67f96000 	C:\WINDOWS\SYSTEM32\dhcpcsvc6.DLL
0x00007ffd67f60000 - 0x00007ffd67f7a000 	C:\WINDOWS\SYSTEM32\dhcpcsvc.DLL
0x0000000075c80000 - 0x0000000075ca4000 	C:\Program Files\Java\jre1.8.0_121\bin\sunec.dll
0x00007ffd5e710000 - 0x00007ffd5e8d9000 	C:\WINDOWS\SYSTEM32\dbghelp.dll

VM Arguments:
jvm_args: -Dcom.sun.management.jmxremote -Dcom.sun.management.jmxremote.port=49754 -Dcom.sun.management.jmxremote.authenticate=false -Dcom.sun.management.jmxremote.ssl=false -Djava.rmi.server.hostname=localhost -Dspring.liveBeansView.mbeanDomain -Dspring.application.admin.enabled=true -Xverify:none -XX:TieredStopAtLevel=1 -Dfile.encoding=UTF-8 
java_command: com.cg.bookmymovie.movie.movie.MovieApplication --spring.output.ansi.enabled=always
java_class_path (initial): C:\project services\movie\target\classes;C:\Users\rapola\.m2\repository\org\springframework\boot\spring-boot-starter-web\2.1.2.RELEASE\spring-boot-starter-web-2.1.2.RELEASE.jar;C:\Users\rapola\.m2\repository\org\springframework\boot\spring-boot-starter\2.1.2.RELEASE\spring-boot-starter-2.1.2.RELEASE.jar;C:\Users\rapola\.m2\repository\org\springframework\boot\spring-boot\2.1.2.RELEASE\spring-boot-2.1.2.RELEASE.jar;C:\Users\rapola\.m2\repository\org\springframework\boot\spring-boot-autoconfigure\2.1.2.RELEASE\spring-boot-autoconfigure-2.1.2.RELEASE.jar;C:\Users\rapola\.m2\repository\org\springframework\boot\spring-boot-starter-logging\2.1.2.RELEASE\spring-boot-starter-logging-2.1.2.RELEASE.jar;C:\Users\rapola\.m2\repository\ch\qos\logback\logback-classic\1.2.3\logback-classic-1.2.3.jar;C:\Users\rapola\.m2\repository\ch\qos\logback\logback-core\1.2.3\logback-core-1.2.3.jar;C:\Users\rapola\.m2\repository\org\apache\logging\log4j\log4j-to-slf4j\2.11.1\log4j-to-slf4j-2.11.1.jar;C:\Users\rapola\.m2\repository\org\apache\logging\log4j\log4j-api\2.11.1\log4j-api-2.11.1.jar;C:\Users\rapola\.m2\repository\org\slf4j\jul-to-slf4j\1.7.25\jul-to-slf4j-1.7.25.jar;C:\Users\rapola\.m2\repository\javax\annotation\javax.annotation-api\1.3.2\javax.annotation-api-1.3.2.jar;C:\Users\rapola\.m2\repository\org\yaml\snakeyaml\1.23\snakeyaml-1.23.jar;C:\Users\rapola\.m2\repository\org\springframework\boot\spring-boot-starter-json\2.1.2.RELEASE\spring-boot-starter-json-2.1.2.RELEASE.jar;C:\Users\rapola\.m2\repository\com\fasterxml\jackson\datatype\jackson-datatype-jdk8\2.9.8\jackson-datatype-jdk8-2.9.8.jar;C:\Users\rapola\.m2\repository\com\fasterxml\jackson\datatype\jackson-datatype-jsr310\2.9.8\jackson-datatype-jsr310-2.9.8.jar;C:\Users\rapola\.m2\repository\com\fasterxml\jackson\module\jackson-module-parameter-names\2.9.8\jackson-module-parameter-names-2.9.8.jar;C:\Users\rapola\.m2\repository\org\springframework\boot\spring-boot-starter-tomcat\2.1.2.RELEASE\spri
Launcher Type: SUN_STANDARD

Environment Variables:
PATH=C:/Program Files/Java/jre1.8.0_121/bin/server;C:/Program Files/Java/jre1.8.0_121/bin;C:/Program Files/Java/jre1.8.0_121/lib/amd64;C:\Python34\;C:\Python34\Scripts;C:\oraclexe\app\oracle\product\11.2.0\server\bin;C:\ProgramData\Oracle\Java\javapath;C:\WINDOWS\system32;C:\WINDOWS;C:\WINDOWS\System32\Wbem;C:\WINDOWS\System32\WindowsPowerShell\v1.0\;C:\Program Files\TortoiseSVN\bin;C:\Program Files\nodejs\;C:\Program Files\Git\cmd;C:\Program Files (x86)\Microsoft SQL Server\110\Tools\Binn\ManagementStudio\;C:\Program Files (x86)\Microsoft SQL Server\110\Tools\Binn\;C:\Program Files (x86)\Microsoft SQL Server\110\DTS\Binn\;C:\Program Files\Citrix\System32\;C:\Program Files\Citrix\ICAService\;C:\WINDOWS\System32\OpenSSH\;C:\Users\rapola\AppData\Local\Microsoft\WindowsApps;C:\Users\rapola\Desktop\spring-tool-suite-3.9.6.RELEASE-e4.9.0-win32-x86_64\sts-bundle\sts-3.9.6.RELEASE;
USERNAME=rapola
OS=Windows_NT
PROCESSOR_IDENTIFIER=Intel64 Family 15 Model 6 Stepping 1, GenuineIntel



---------------  S Y S T E M  ---------------

OS: Windows 10.0 , 64 bit Build 17134 (10.0.17134.1)

CPU:total 4 (2 cores per cpu, 1 threads per core) family 15 model 6 stepping 1, cmov, cx8, fxsr, mmx, sse, sse2, sse3, ssse3, sse4.1, sse4.2, popcnt, avx, avx2, aes, clmul, erms, rtm, 3dnowpref, lzcnt, tsc, bmi1, bmi2, adx

Memory: 4k page, physical 8388056k(1270060k free), swap 18697820k(36k free)

vm_info: Java HotSpot(TM) 64-Bit Server VM (25.121-b13) for windows-amd64 JRE (1.8.0_121-b13), built on Dec 12 2016 18:21:36 by "java_re" with MS VC++ 10.0 (VS2010)

time: Sun Feb 17 17:07:36 2019
elapsed time: 7 seconds (0d 0h 0m 7s)

